<?xml version="1.0" encoding="UTF-8"?>
<!-- Generated by org.testng.reporters.JUnitXMLReporter -->
<testsuite ignored="0" hostname="GOUTAM2021" failures="0" tests="4" name="Default test" time="12.102" errors="0" timestamp="2024-09-14T11:07:29 IST">
  <testcase classname="api.test.UserTests" name="testPostUser" time="7.438"/>
  <testcase classname="api.test.UserTests" name="testGetUserByName" time="1.177"/>
  <testcase classname="api.test.UserTests" name="testUpdateUserByName" time="1.141"/>
  <testcase classname="api.test.UserTests" name="testDeleteUserByName" time="1.099"/>
</testsuite> <!-- Default test -->
