<?xml version="1.0" encoding="UTF-8"?>
<testng-results ignored="0" total="4" passed="4" failed="0" skipped="0">
  <reporter-output>
  </reporter-output>
  <suite started-at="2024-09-14T11:49:38 IST" name="PetSuite" finished-at="2024-09-14T11:49:58 IST" duration-ms="20576">
    <groups>
    </groups>
    <test started-at="2024-09-14T11:49:38 IST" name="PetTests" finished-at="2024-09-14T11:49:58 IST" duration-ms="20576">
      <class name="api.test.UserTests">
        <test-method is-config="true" signature="setupData()[pri:0, instance:api.test.UserTests@3bb9a3ff]" started-at="2024-09-14T11:49:38 IST" name="setupData" finished-at="2024-09-14T11:49:39 IST" duration-ms="450" status="PASS">
          <reporter-output>
          </reporter-output>
        </test-method> <!-- setupData -->
        <test-method signature="testPostUser()[pri:1, instance:api.test.UserTests@3bb9a3ff]" started-at="2024-09-14T11:49:39 IST" name="testPostUser" finished-at="2024-09-14T11:49:52 IST" duration-ms="13018" status="PASS">
          <reporter-output>
          </reporter-output>
        </test-method> <!-- testPostUser -->
        <test-method signature="testGetUserByName()[pri:2, instance:api.test.UserTests@3bb9a3ff]" started-at="2024-09-14T11:49:52 IST" name="testGetUserByName" finished-at="2024-09-14T11:49:53 IST" duration-ms="1702" status="PASS">
          <reporter-output>
          </reporter-output>
        </test-method> <!-- testGetUserByName -->
        <test-method signature="testUpdateUserByName()[pri:3, instance:api.test.UserTests@3bb9a3ff]" started-at="2024-09-14T11:49:53 IST" name="testUpdateUserByName" finished-at="2024-09-14T11:49:57 IST" duration-ms="3180" status="PASS">
          <reporter-output>
          </reporter-output>
        </test-method> <!-- testUpdateUserByName -->
        <test-method signature="testDeleteUserByName()[pri:4, instance:api.test.UserTests@3bb9a3ff]" started-at="2024-09-14T11:49:57 IST" name="testDeleteUserByName" finished-at="2024-09-14T11:49:58 IST" duration-ms="1596" status="PASS">
          <reporter-output>
          </reporter-output>
        </test-method> <!-- testDeleteUserByName -->
      </class> <!-- api.test.UserTests -->
    </test> <!-- PetTests -->
  </suite> <!-- PetSuite -->
</testng-results>
