<?xml version="1.0" encoding="UTF-8"?>
<!-- Generated by org.testng.reporters.JUnitXMLReporter -->
<testsuite ignored="0" hostname="GOUTAM2021" failures="0" tests="4" name="PetTests" time="20.576" errors="0" timestamp="2024-09-14T11:49:59 IST">
  <testcase classname="api.test.UserTests" name="testPostUser" time="13.018"/>
  <testcase classname="api.test.UserTests" name="testGetUserByName" time="1.702"/>
  <testcase classname="api.test.UserTests" name="testUpdateUserByName" time="3.18"/>
  <testcase classname="api.test.UserTests" name="testDeleteUserByName" time="1.596"/>
</testsuite> <!-- PetTests -->
