<?xml version="1.0" encoding="UTF-8"?>
<!-- Generated by org.testng.reporters.JUnitXMLReporter -->
<testsuite ignored="0" hostname="GOUTAM2021" failures="1" tests="4" name="PetTests" time="9.911" errors="0" timestamp="2024-09-14T11:08:21 IST">
  <testcase classname="api.test.UserTests2" name="testPostUser" time="5.53"/>
  <testcase classname="api.test.UserTests2" name="testGetUserByName" time="1.268"/>
  <testcase classname="api.test.UserTests2" name="testUpdateUserByName" time="0.009">
    <failure type="java.util.MissingResourceException" message="Can&amp;apos;t find resource for bundle java.util.PropertyResourceBundle, key put_url">
      <![CDATA[java.util.MissingResourceException: Can't find resource for bundle java.util.PropertyResourceBundle, key put_url
at java.base/java.util.ResourceBundle.getObject(ResourceBundle.java:564)
at java.base/java.util.ResourceBundle.getString(ResourceBundle.java:521)
at api.endpoints.UserEndPoints2.updateUser(UserEndPoints2.java:47)
at api.test.UserTests2.testUpdateUserByName(UserTests2.java:61)
at java.base/java.util.ArrayList.forEach(ArrayList.java:1511)
... Removed 27 stack frames]]>
    </failure>
  </testcase> <!-- testUpdateUserByName -->
  <testcase classname="api.test.UserTests2" name="testDeleteUserByName" time="1.122"/>
</testsuite> <!-- PetTests -->
